10:20:22 **** Incremental Build of configuration Release for project Labo_1 ****
make all 
make --no-print-directory pre-build
a9-linaro-pre-build-step
' '
make --no-print-directory main-build
'Building file: ../src/helloworld.c'
'Invoking: ARM v7 gcc compiler'
arm-none-eabi-gcc -Wall -O2 -c -fmessage-length=0 -MT"src/helloworld.o" -mcpu=cortex-a9 -mfpu=vfpv3 -mfloat-abi=hard -IC:/02_PXL/Audio_Processing_PXL_2024/SoC_PynzZ2_AUDIO/vitis/AudioProcessing2/export/AudioProcessing2/sw/AudioProcessing2/standalone_ps7_cortexa9_0/bspinclude/include -MMD -MP -MF"src/helloworld.d" -MT"src/helloworld.o" -o "src/helloworld.o" "../src/helloworld.c"
../src/helloworld.c: In function 'main':
../src/helloworld.c:30:13: warning: unused variable 'status' [-Wunused-variable]
   30 |         int status;
      |             ^~~~~~
../src/helloworld.c: In function 'audio_test':
../src/helloworld.c:58:13: warning: unused variable 'sw_check' [-Wunused-variable]
   58 |         int sw_check;
      |             ^~~~~~~~
../src/helloworld.c:57:23: warning: unused variable 'u32Temp' [-Wunused-variable]
   57 |         unsigned long u32Temp;
      |                       ^~~~~~~
../src/helloworld.c:56:41: warning: unused variable 'u32DataR' [-Wunused-variable]
   56 |         unsigned long u32Data,u32DataL, u32DataR;
      |                                         ^~~~~~~~
../src/helloworld.c:56:31: warning: unused variable 'u32DataL' [-Wunused-variable]
   56 |         unsigned long u32Data,u32DataL, u32DataR;
      |                               ^~~~~~~~
../src/helloworld.c:56:23: warning: unused variable 'u32Data' [-Wunused-variable]
   56 |         unsigned long u32Data,u32DataL, u32DataR;
      |                       ^~~~~~~
'Finished building: ../src/helloworld.c'
' '
'Building file: ../src/platform.c'
'Invoking: ARM v7 gcc compiler'
arm-none-eabi-gcc -Wall -O2 -c -fmessage-length=0 -MT"src/platform.o" -mcpu=cortex-a9 -mfpu=vfpv3 -mfloat-abi=hard -IC:/02_PXL/Audio_Processing_PXL_2024/SoC_PynzZ2_AUDIO/vitis/AudioProcessing2/export/AudioProcessing2/sw/AudioProcessing2/standalone_ps7_cortexa9_0/bspinclude/include -MMD -MP -MF"src/platform.d" -MT"src/platform.o" -o "src/platform.o" "../src/platform.c"
'Finished building: ../src/platform.c'
' '
'Building target: Labo_1.elf'
'Invoking: ARM v7 gcc linker'
arm-none-eabi-gcc -mcpu=cortex-a9 -mfpu=vfpv3 -mfloat-abi=hard -Wl,-build-id=none -specs=Xilinx.spec -Wl,-T -Wl,../src/lscript.ld -LC:/02_PXL/Audio_Processing_PXL_2024/SoC_PynzZ2_AUDIO/vitis/AudioProcessing2/export/AudioProcessing2/sw/AudioProcessing2/standalone_ps7_cortexa9_0/bsplib/lib -o "Labo_1.elf"  ./src/helloworld.o ./src/platform.o   -Wl,--start-group,-lxil,-lgcc,-lc,--end-group
c:/xilinx/vitis/2023.2/gnu/aarch32/nt/gcc-arm-none-eabi/x86_64-oesdk-mingw32/usr/bin/arm-xilinx-eabi/../../libexec/arm-xilinx-eabi/gcc/arm-xilinx-eabi/12.2.0/ld.exe: ./src/helloworld.o: in function `audio_test':
helloworld.c:(.text+0x34): undefined reference to `sin'
collect2.exe: error: ld returned 1 exit status
make[1]: *** [makefile:43: Labo_1.elf] Error 1
make: *** [makefile:34: all] Error 2

10:20:23 Build Finished (took 1s.67ms)

