#-----------------------------------------------------------
# Vivado v2023.2 (64-bit)
# SW Build 4029153 on Fri Oct 13 20:14:34 MDT 2023
# IP Build 4028589 on Sat Oct 14 00:45:43 MDT 2023
# SharedData Build 4025554 on Tue Oct 10 17:18:54 MDT 2023
# Start of session at: Tue Feb 20 14:00:12 2024
# Process ID: 11756
# Current directory: C:/devWorks/AudioProcessing/SoC_PynzZ2_AUDIO
# Command line: vivado.exe -gui_launcher_event rodinguilauncherevent8296 C:\devWorks\AudioProcessing\SoC_PynzZ2_AUDIO\SoC_PynzZ2_AUDIO.xpr
# Log file: C:/devWorks/AudioProcessing/SoC_PynzZ2_AUDIO/vivado.log
# Journal file: C:/devWorks/AudioProcessing/SoC_PynzZ2_AUDIO\vivado.jou
# Running On: 5CD2042974, OS: Windows, CPU Frequency: 2304 MHz, CPU Physical cores: 8, Host memory: 34007 MB
#-----------------------------------------------------------
start_gui
WARNING: [Board 49-26] cannot add Board Part xilinx.com:ac701:part0:1.4 available at C:/Xilinx/Vivado/2023.2/data/xhub/boards/XilinxBoardStore/boards/Xilinx/ac701/1.4/board.xml as part xc7a200tfbg676-2 specified in board_part file is either invalid or not available
WARNING: [Board 49-26] cannot add Board Part xilinx.com:k24c:part0:1.0 available at C:/Xilinx/Vivado/2023.2/data/xhub/boards/XilinxBoardStore/boards/Xilinx/k24c/1.0/board.xml as part xck24-ubva530-2lv-c specified in board_part file is either invalid or not available
WARNING: [Board 49-26] cannot add Board Part xilinx.com:k24i:part0:1.0 available at C:/Xilinx/Vivado/2023.2/data/xhub/boards/XilinxBoardStore/boards/Xilinx/k24i/1.0/board.xml as part xck24-ubva530-2lvi-i specified in board_part file is either invalid or not available
WARNING: [Board 49-26] cannot add Board Part xilinx.com:k26c:part0:1.2 available at C:/Xilinx/Vivado/2023.2/data/xhub/boards/XilinxBoardStore/boards/Xilinx/k26c/1.2/board.xml as part xck26-sfvc784-2lv-c specified in board_part file is either invalid or not available
WARNING: [Board 49-26] cannot add Board Part xilinx.com:k26c:part0:1.3 available at C:/Xilinx/Vivado/2023.2/data/xhub/boards/XilinxBoardStore/boards/Xilinx/k26c/1.3/board.xml as part xck26-sfvc784-2lv-c specified in board_part file is either invalid or not available
WARNING: [Board 49-26] cannot add Board Part xilinx.com:k26c:part0:1.4 available at C:/Xilinx/Vivado/2023.2/data/xhub/boards/XilinxBoardStore/boards/Xilinx/k26c/1.4/board.xml as part xck26-sfvc784-2lv-c specified in board_part file is either invalid or not available
WARNING: [Board 49-26] cannot add Board Part xilinx.com:k26i:part0:1.2 available at C:/Xilinx/Vivado/2023.2/data/xhub/boards/XilinxBoardStore/boards/Xilinx/k26i/1.2/board.xml as part xck26-sfvc784-2lvi-i specified in board_part file is either invalid or not available
WARNING: [Board 49-26] cannot add Board Part xilinx.com:k26i:part0:1.3 available at C:/Xilinx/Vivado/2023.2/data/xhub/boards/XilinxBoardStore/boards/Xilinx/k26i/1.3/board.xml as part xck26-sfvc784-2lvi-i specified in board_part file is either invalid or not available
WARNING: [Board 49-26] cannot add Board Part xilinx.com:k26i:part0:1.4 available at C:/Xilinx/Vivado/2023.2/data/xhub/boards/XilinxBoardStore/boards/Xilinx/k26i/1.4/board.xml as part xck26-sfvc784-2lvi-i specified in board_part file is either invalid or not available
WARNING: [Board 49-26] cannot add Board Part xilinx.com:kc705:part0:1.6 available at C:/Xilinx/Vivado/2023.2/data/xhub/boards/XilinxBoardStore/boards/Xilinx/kc705/1.6/board.xml as part xc7k325tffg900-2 specified in board_part file is either invalid or not available
WARNING: [Board 49-26] cannot add Board Part xilinx.com:kcu105:part0:1.6 available at C:/Xilinx/Vivado/2023.2/data/xhub/boards/XilinxBoardStore/boards/Xilinx/kcu105/1.6/board.xml as part xcku040-ffva1156-2-e specified in board_part file is either invalid or not available
WARNING: [Board 49-26] cannot add Board Part xilinx.com:kcu105:part0:1.7 available at C:/Xilinx/Vivado/2023.2/data/xhub/boards/XilinxBoardStore/boards/Xilinx/kcu105/1.7/board.xml as part xcku040-ffva1156-2-e specified in board_part file is either invalid or not available
WARNING: [Board 49-26] cannot add Board Part xilinx.com:kcu116:part0:1.4 available at C:/Xilinx/Vivado/2023.2/data/xhub/boards/XilinxBoardStore/boards/Xilinx/kcu116/1.4/board.xml as part xcku5p-ffvb676-2-e specified in board_part file is either invalid or not available
WARNING: [Board 49-26] cannot add Board Part xilinx.com:kcu116:part0:1.5 available at C:/Xilinx/Vivado/2023.2/data/xhub/boards/XilinxBoardStore/boards/Xilinx/kcu116/1.5/board.xml as part xcku5p-ffvb676-2-e specified in board_part file is either invalid or not available
WARNING: [Board 49-26] cannot add Board Part xilinx.com:kcu1500:part0:1.2 available at C:/Xilinx/Vivado/2023.2/data/xhub/boards/XilinxBoardStore/boards/Xilinx/kcu1500/1.2/board.xml as part xcku115-flvb2104-2-e specified in board_part file is either invalid or not available
WARNING: [Board 49-26] cannot add Board Part xilinx.com:kd240_som:part0:1.0 available at C:/Xilinx/Vivado/2023.2/data/xhub/boards/XilinxBoardStore/boards/Xilinx/kd240_som/1.0/board.xml as part xck24-ubva530-2lv-c specified in board_part file is either invalid or not available
WARNING: [Board 49-26] cannot add Board Part xilinx.com:kr260_som:part0:1.0 available at C:/Xilinx/Vivado/2023.2/data/xhub/boards/XilinxBoardStore/boards/Xilinx/kr260_som/1.0/board.xml as part xck26-sfvc784-2lv-c specified in board_part file is either invalid or not available
WARNING: [Board 49-26] cannot add Board Part xilinx.com:kr260_som:part0:1.1 available at C:/Xilinx/Vivado/2023.2/data/xhub/boards/XilinxBoardStore/boards/Xilinx/kr260_som/1.1/board.xml as part xck26-sfvc784-2lv-c specified in board_part file is either invalid or not available
WARNING: [Board 49-26] cannot add Board Part xilinx.com:kv260_som:part0:1.2 available at C:/Xilinx/Vivado/2023.2/data/xhub/boards/XilinxBoardStore/boards/Xilinx/kv260_som/1.2/board.xml as part xck26-sfvc784-2lv-c specified in board_part file is either invalid or not available
WARNING: [Board 49-26] cannot add Board Part xilinx.com:kv260_som:part0:1.3 available at C:/Xilinx/Vivado/2023.2/data/xhub/boards/XilinxBoardStore/boards/Xilinx/kv260_som/1.3/board.xml as part xck26-sfvc784-2lv-c specified in board_part file is either invalid or not available
WARNING: [Board 49-26] cannot add Board Part xilinx.com:kv260_som:part0:1.4 available at C:/Xilinx/Vivado/2023.2/data/xhub/boards/XilinxBoardStore/boards/Xilinx/kv260_som/1.4/board.xml as part xck26-sfvc784-2lv-c specified in board_part file is either invalid or not available
WARNING: [Board 49-26] cannot add Board Part xilinx.com:sp701:part0:1.0 available at C:/Xilinx/Vivado/2023.2/data/xhub/boards/XilinxBoardStore/boards/Xilinx/sp701/1.0/board.xml as part xc7s100fgga676-2 specified in board_part file is either invalid or not available
WARNING: [Board 49-26] cannot add Board Part xilinx.com:sp701:part0:1.1 available at C:/Xilinx/Vivado/2023.2/data/xhub/boards/XilinxBoardStore/boards/Xilinx/sp701/1.1/board.xml as part xc7s100fgga676-2 specified in board_part file is either invalid or not available
WARNING: [Board 49-26] cannot add Board Part xilinx.com:vc707:part0:1.4 available at C:/Xilinx/Vivado/2023.2/data/xhub/boards/XilinxBoardStore/boards/Xilinx/vc707/1.4/board.xml as part xc7vx485tffg1761-2 specified in board_part file is either invalid or not available
WARNING: [Board 49-26] cannot add Board Part xilinx.com:vc709:part0:1.8 available at C:/Xilinx/Vivado/2023.2/data/xhub/boards/XilinxBoardStore/boards/Xilinx/vc709/1.8/board.xml as part xc7vx690tffg1761-2 specified in board_part file is either invalid or not available
WARNING: [Board 49-26] cannot add Board Part xilinx.com:vck190:part0:2.2 available at C:/Xilinx/Vivado/2023.2/data/xhub/boards/XilinxBoardStore/boards/Xilinx/vck190/production/2.2/board.xml as part xcvc1902-vsva2197-2mp-e-s specified in board_part file is either invalid or not available
WARNING: [Board 49-26] cannot add Board Part xilinx.com:vck190:part0:3.0 available at C:/Xilinx/Vivado/2023.2/data/xhub/boards/XilinxBoardStore/boards/Xilinx/vck190/production/3.0/board.xml as part xcvc1902-vsva2197-2mp-e-s specified in board_part file is either invalid or not available
WARNING: [Board 49-26] cannot add Board Part xilinx.com:vck190:part0:3.1 available at C:/Xilinx/Vivado/2023.2/data/xhub/boards/XilinxBoardStore/boards/Xilinx/vck190/production/3.1/board.xml as part xcvc1902-vsva2197-2mp-e-s specified in board_part file is either invalid or not available
WARNING: [Board 49-26] cannot add Board Part xilinx.com:vck190:part0:3.2 available at C:/Xilinx/Vivado/2023.2/data/xhub/boards/XilinxBoardStore/boards/Xilinx/vck190/production/3.2/board.xml as part xcvc1902-vsva2197-2mp-e-s specified in board_part file is either invalid or not available
WARNING: [Board 49-26] cannot add Board Part xilinx.com:vck190_newl:part0:1.0 available at C:/Xilinx/Vivado/2023.2/data/xhub/boards/XilinxBoardStore/boards/Xilinx/vck190_newl/production/1.0/board.xml as part xcvc1902-vsva2197-2mp-e-s specified in board_part file is either invalid or not available
WARNING: [Board 49-26] cannot add Board Part xilinx.com:vck190_newl:part0:1.1 available at C:/Xilinx/Vivado/2023.2/data/xhub/boards/XilinxBoardStore/boards/Xilinx/vck190_newl/production/1.1/board.xml as part xcvc1902-vsva2197-2mp-e-s specified in board_part file is either invalid or not available
WARNING: [Board 49-26] cannot add Board Part xilinx.com:vcu108:part0:1.6 available at C:/Xilinx/Vivado/2023.2/data/xhub/boards/XilinxBoardStore/boards/Xilinx/vcu108/1.6/board.xml as part xcvu095-ffva2104-2-e specified in board_part file is either invalid or not available
WARNING: [Board 49-26] cannot add Board Part xilinx.com:vcu108:part0:1.7 available at C:/Xilinx/Vivado/2023.2/data/xhub/boards/XilinxBoardStore/boards/Xilinx/vcu108/1.7/board.xml as part xcvu095-ffva2104-2-e specified in board_part file is either invalid or not available
WARNING: [Board 49-26] cannot add Board Part xilinx.com:vcu110:part0:1.4 available at C:/Xilinx/Vivado/2023.2/data/xhub/boards/XilinxBoardStore/boards/Xilinx/vcu110/1.4/board.xml as part xcvu190-flgc2104-2-e specified in board_part file is either invalid or not available
WARNING: [Board 49-26] cannot add Board Part xilinx.com:vcu118:part0:2.0 available at C:/Xilinx/Vivado/2023.2/data/xhub/boards/XilinxBoardStore/boards/Xilinx/vcu118/2.0/board.xml as part xcvu9p-flga2104-2l-e specified in board_part file is either invalid or not available
WARNING: [Board 49-26] cannot add Board Part xilinx.com:vcu118:part0:2.3 available at C:/Xilinx/Vivado/2023.2/data/xhub/boards/XilinxBoardStore/boards/Xilinx/vcu118/2.3/board.xml as part xcvu9p-flga2104-2l-e specified in board_part file is either invalid or not available
WARNING: [Board 49-26] cannot add Board Part xilinx.com:vcu118:part0:2.4 available at C:/Xilinx/Vivado/2023.2/data/xhub/boards/XilinxBoardStore/boards/Xilinx/vcu118/2.4/board.xml as part xcvu9p-flga2104-2l-e specified in board_part file is either invalid or not available
WARNING: [Board 49-26] cannot add Board Part xilinx.com:vcu128:part0:1.0 available at C:/Xilinx/Vivado/2023.2/data/xhub/boards/XilinxBoardStore/boards/Xilinx/vcu128/production/1.0/board.xml as part xcvu37p-fsvh2892-2l-e specified in board_part file is either invalid or not available
WARNING: [Board 49-26] cannot add Board Part xilinx.com:vcu129:part0:1.0 available at C:/Xilinx/Vivado/2023.2/data/xhub/boards/XilinxBoardStore/boards/Xilinx/vcu129/production/1.0/board.xml as part xcvu29p-fsga2577-2l-e specified in board_part file is either invalid or not available
WARNING: [Board 49-26] cannot add Board Part xilinx.com:vcu1525:part0:1.3 available at C:/Xilinx/Vivado/2023.2/data/xhub/boards/XilinxBoardStore/boards/Xilinx/vcu1525/1.3/board.xml as part xcvu9p-fsgd2104-2l-e specified in board_part file is either invalid or not available
WARNING: [Board 49-26] cannot add Board Part xilinx.com:vek280:part0:1.0 available at C:/Xilinx/Vivado/2023.2/data/xhub/boards/XilinxBoardStore/boards/Xilinx/vek280/production/1.0/board.xml as part xcve2802-vsvh1760-2mp-e-s specified in board_part file is either invalid or not available
WARNING: [Board 49-26] cannot add Board Part xilinx.com:vek280_es:part0:1.0 available at C:/Xilinx/Vivado/2023.2/data/xhub/boards/XilinxBoardStore/boards/Xilinx/vek280/es/rev_a/1.0/board.xml as part xcve2802-vsvh1760-2lp-e-s-es1 specified in board_part file is either invalid or not available
WARNING: [Board 49-26] cannot add Board Part xilinx.com:vek280_es:part0:1.1 available at C:/Xilinx/Vivado/2023.2/data/xhub/boards/XilinxBoardStore/boards/Xilinx/vek280/es/rev_a/1.1/board.xml as part xcve2802-vsvh1760-2lp-e-s-es1 specified in board_part file is either invalid or not available
WARNING: [Board 49-26] cannot add Board Part xilinx.com:vek280_es_revb:part0:1.0 available at C:/Xilinx/Vivado/2023.2/data/xhub/boards/XilinxBoardStore/boards/Xilinx/vek280/es/rev_b/1.0/board.xml as part xcve2802-vsvh1760-2mp-e-s-es1 specified in board_part file is either invalid or not available
WARNING: [Board 49-26] cannot add Board Part xilinx.com:vek280_es_revb:part0:1.1 available at C:/Xilinx/Vivado/2023.2/data/xhub/boards/XilinxBoardStore/boards/Xilinx/vek280/es/rev_b/1.1/board.xml as part xcve2802-vsvh1760-2mp-e-s-es1 specified in board_part file is either invalid or not available
WARNING: [Board 49-26] cannot add Board Part xilinx.com:vermeo_t1_mpsoc:part0:1.0 available at C:/Xilinx/Vivado/2023.2/data/xhub/boards/XilinxBoardStore/boards/Xilinx/vermeo_t1_mpsoc/1.0/board.xml as part xczu19eg-ffvd1760-2l-e specified in board_part file is either invalid or not available
WARNING: [Board 49-26] cannot add Board Part xilinx.com:vermeo_t1_rfsoc:part0:1.0 available at C:/Xilinx/Vivado/2023.2/data/xhub/boards/XilinxBoardStore/boards/Xilinx/vermeo_t1_rfsoc/1.0/board.xml as part xczu21dr-ffvd1156-2l-e specified in board_part file is either invalid or not available
WARNING: [Board 49-26] cannot add Board Part xilinx.com:vhk158:part0:1.0 available at C:/Xilinx/Vivado/2023.2/data/xhub/boards/XilinxBoardStore/boards/Xilinx/vhk158/production/1.0/board.xml as part xcvh1582-vsva3697-2mp-e-s specified in board_part file is either invalid or not available
WARNING: [Board 49-26] cannot add Board Part xilinx.com:vhk158:part0:1.1 available at C:/Xilinx/Vivado/2023.2/data/xhub/boards/XilinxBoardStore/boards/Xilinx/vhk158/production/1.1/board.xml as part xcvh1582-vsva3697-2mp-e-s specified in board_part file is either invalid or not available
WARNING: [Board 49-26] cannot add Board Part xilinx.com:vhk158_es:part0:1.0 available at C:/Xilinx/Vivado/2023.2/data/xhub/boards/XilinxBoardStore/boards/Xilinx/vhk158/es/1.0/board.xml as part xcvh1582-vsva3697-2mp-e-s-es1 specified in board_part file is either invalid or not available
WARNING: [Board 49-26] cannot add Board Part xilinx.com:vhk158_es:part0:1.1 available at C:/Xilinx/Vivado/2023.2/data/xhub/boards/XilinxBoardStore/boards/Xilinx/vhk158/es/1.1/board.xml as part xcvh1582-vsva3697-2mp-e-s-es1 specified in board_part file is either invalid or not available
WARNING: [Board 49-26] cannot add Board Part xilinx.com:vmk180:part0:2.2 available at C:/Xilinx/Vivado/2023.2/data/xhub/boards/XilinxBoardStore/boards/Xilinx/vmk180/production/2.2/board.xml as part xcvm1802-vsva2197-2mp-e-s specified in board_part file is either invalid or not available
WARNING: [Board 49-26] cannot add Board Part xilinx.com:vmk180:part0:3.0 available at C:/Xilinx/Vivado/2023.2/data/xhub/boards/XilinxBoardStore/boards/Xilinx/vmk180/production/3.0/board.xml as part xcvm1802-vsva2197-2mp-e-s specified in board_part file is either invalid or not available
WARNING: [Board 49-26] cannot add Board Part xilinx.com:vmk180:part0:3.1 available at C:/Xilinx/Vivado/2023.2/data/xhub/boards/XilinxBoardStore/boards/Xilinx/vmk180/production/3.1/board.xml as part xcvm1802-vsva2197-2mp-e-s specified in board_part file is either invalid or not available
WARNING: [Board 49-26] cannot add Board Part xilinx.com:vmk180:part0:3.2 available at C:/Xilinx/Vivado/2023.2/data/xhub/boards/XilinxBoardStore/boards/Xilinx/vmk180/production/3.2/board.xml as part xcvm1802-vsva2197-2mp-e-s specified in board_part file is either invalid or not available
WARNING: [Board 49-26] cannot add Board Part xilinx.com:vmk180_newl:part0:1.0 available at C:/Xilinx/Vivado/2023.2/data/xhub/boards/XilinxBoardStore/boards/Xilinx/vmk180_newl/production/1.0/board.xml as part xcvm1802-vsva2197-2mp-e-s specified in board_part file is either invalid or not available
WARNING: [Board 49-26] cannot add Board Part xilinx.com:vmk180_newl:part0:1.1 available at C:/Xilinx/Vivado/2023.2/data/xhub/boards/XilinxBoardStore/boards/Xilinx/vmk180_newl/production/1.1/board.xml as part xcvm1802-vsva2197-2mp-e-s specified in board_part file is either invalid or not available
WARNING: [Board 49-26] cannot add Board Part xilinx.com:vpk120:part0:1.0 available at C:/Xilinx/Vivado/2023.2/data/xhub/boards/XilinxBoardStore/boards/Xilinx/vpk120/production/1.0/board.xml as part xcvp1202-vsva2785-2mp-e-s specified in board_part file is either invalid or not available
WARNING: [Board 49-26] cannot add Board Part xilinx.com:vpk120:part0:1.1 available at C:/Xilinx/Vivado/2023.2/data/xhub/boards/XilinxBoardStore/boards/Xilinx/vpk120/production/1.1/board.xml as part xcvp1202-vsva2785-2mp-e-s specified in board_part file is either invalid or not available
WARNING: [Board 49-26] cannot add Board Part xilinx.com:vpk120:part0:1.2 available at C:/Xilinx/Vivado/2023.2/data/xhub/boards/XilinxBoardStore/boards/Xilinx/vpk120/production/1.2/board.xml as part xcvp1202-vsva2785-2mp-e-s specified in board_part file is either invalid or not available
WARNING: [Board 49-26] cannot add Board Part xilinx.com:vpk180:part0:1.0 available at C:/Xilinx/Vivado/2023.2/data/xhub/boards/XilinxBoardStore/boards/Xilinx/vpk180/production/1.0/board.xml as part xcvp1802-lsvc4072-2mp-e-s specified in board_part file is either invalid or not available
WARNING: [Board 49-26] cannot add Board Part xilinx.com:vpk180:part0:1.1 available at C:/Xilinx/Vivado/2023.2/data/xhub/boards/XilinxBoardStore/boards/Xilinx/vpk180/production/1.1/board.xml as part xcvp1802-lsvc4072-2mp-e-s specified in board_part file is either invalid or not available
WARNING: [Board 49-26] cannot add Board Part xilinx.com:zcu102:part0:3.3 available at C:/Xilinx/Vivado/2023.2/data/xhub/boards/XilinxBoardStore/boards/Xilinx/zcu102/3.3/board.xml as part xczu9eg-ffvb1156-2-e specified in board_part file is either invalid or not available
WARNING: [Board 49-26] cannot add Board Part xilinx.com:zcu102:part0:3.4 available at C:/Xilinx/Vivado/2023.2/data/xhub/boards/XilinxBoardStore/boards/Xilinx/zcu102/3.4/board.xml as part xczu9eg-ffvb1156-2-e specified in board_part file is either invalid or not available
WARNING: [Board 49-26] cannot add Board Part xilinx.com:zcu104:part0:1.1 available at C:/Xilinx/Vivado/2023.2/data/xhub/boards/XilinxBoardStore/boards/Xilinx/zcu104/1.1/board.xml as part xczu7ev-ffvc1156-2-e specified in board_part file is either invalid or not available
WARNING: [Board 49-26] cannot add Board Part xilinx.com:zcu106:part0:2.4 available at C:/Xilinx/Vivado/2023.2/data/xhub/boards/XilinxBoardStore/boards/Xilinx/zcu106/2.4/board.xml as part xczu7ev-ffvc1156-2-e specified in board_part file is either invalid or not available
WARNING: [Board 49-26] cannot add Board Part xilinx.com:zcu106:part0:2.5 available at C:/Xilinx/Vivado/2023.2/data/xhub/boards/XilinxBoardStore/boards/Xilinx/zcu106/2.5/board.xml as part xczu7ev-ffvc1156-2-e specified in board_part file is either invalid or not available
WARNING: [Board 49-26] cannot add Board Part xilinx.com:zcu106:part0:2.6 available at C:/Xilinx/Vivado/2023.2/data/xhub/boards/XilinxBoardStore/boards/Xilinx/zcu106/2.6/board.xml as part xczu7ev-ffvc1156-2-e specified in board_part file is either invalid or not available
WARNING: [Board 49-26] cannot add Board Part xilinx.com:zcu111:part0:1.2 available at C:/Xilinx/Vivado/2023.2/data/xhub/boards/XilinxBoardStore/boards/Xilinx/zcu111/1.2/board.xml as part xczu28dr-ffvg1517-2-e specified in board_part file is either invalid or not available
WARNING: [Board 49-26] cannot add Board Part xilinx.com:zcu111:part0:1.3 available at C:/Xilinx/Vivado/2023.2/data/xhub/boards/XilinxBoardStore/boards/Xilinx/zcu111/1.3/board.xml as part xczu28dr-ffvg1517-2-e specified in board_part file is either invalid or not available
WARNING: [Board 49-26] cannot add Board Part xilinx.com:zcu111:part0:1.4 available at C:/Xilinx/Vivado/2023.2/data/xhub/boards/XilinxBoardStore/boards/Xilinx/zcu111/1.4/board.xml as part xczu28dr-ffvg1517-2-e specified in board_part file is either invalid or not available
WARNING: [Board 49-26] cannot add Board Part xilinx.com:zcu1275:part0:1.0 available at C:/Xilinx/Vivado/2023.2/data/xhub/boards/XilinxBoardStore/boards/Xilinx/zcu1275/1.0/board.xml as part xczu29dr-ffvf1760-2-e specified in board_part file is either invalid or not available
WARNING: [Board 49-26] cannot add Board Part xilinx.com:zcu1285:part0:1.0 available at C:/Xilinx/Vivado/2023.2/data/xhub/boards/XilinxBoardStore/boards/Xilinx/zcu1285/1.0/board.xml as part xczu39dr-ffvf1760-2-i specified in board_part file is either invalid or not available
WARNING: [Board 49-26] cannot add Board Part xilinx.com:zcu208:part0:2.0 available at C:/Xilinx/Vivado/2023.2/data/xhub/boards/XilinxBoardStore/boards/Xilinx/zcu208/production/2.0/board.xml as part xczu48dr-fsvg1517-2-e specified in board_part file is either invalid or not available
WARNING: [Board 49-26] cannot add Board Part xilinx.com:zcu208ld:part0:2.0 available at C:/Xilinx/Vivado/2023.2/data/xhub/boards/XilinxBoardStore/boards/Xilinx/zcu208ld/production/2.0/board.xml as part xczu58dr-fsvg1517-2-i specified in board_part file is either invalid or not available
WARNING: [Board 49-26] cannot add Board Part xilinx.com:zcu216:part0:2.0 available at C:/Xilinx/Vivado/2023.2/data/xhub/boards/XilinxBoardStore/boards/Xilinx/zcu216/production/2.0/board.xml as part xczu49dr-ffvf1760-2-e specified in board_part file is either invalid or not available
WARNING: [Board 49-26] cannot add Board Part xilinx.com:zcu216ld:part0:2.0 available at C:/Xilinx/Vivado/2023.2/data/xhub/boards/XilinxBoardStore/boards/Xilinx/zcu216ld/production/2.0/board.xml as part xczu59dr-ffvf1760-2-i specified in board_part file is either invalid or not available
WARNING: [Board 49-26] cannot add Board Part xilinx.com:zcu670:part0:2.0 available at C:/Xilinx/Vivado/2023.2/data/xhub/boards/XilinxBoardStore/boards/Xilinx/zcu670/2.0/board.xml as part xczu67dr-fsve1156-2-i specified in board_part file is either invalid or not available
WARNING: [Board 49-26] cannot add Board Part xilinx.com:zcu670ld:part0:1.0 available at C:/Xilinx/Vivado/2023.2/data/xhub/boards/XilinxBoardStore/boards/Xilinx/zcu670ld/1.0/board.xml as part xczu57dr-fsve1156-2-i specified in board_part file is either invalid or not available
open_project C:/devWorks/AudioProcessing/SoC_PynzZ2_AUDIO/SoC_PynzZ2_AUDIO.xpr
INFO: [Project 1-313] Project file moved from 'C:/devWorks/SoC_AUDIO/SoC_PynzZ2_AUDIO' since last save.
WARNING: [filemgmt 56-3] Board Part Repository Path: Could not find the directory 'C:/Users/20002890/AppData/Roaming/Xilinx/Vivado/2022.1/xhub/board_store/xilinx_board_store'.
WARNING: [filemgmt 56-3] Board Part Repository Path: Could not find the directory 'C:/Users/20002890/AppData/Roaming/Xilinx/Vivado/2021.1/xhub/board_store/xilinx_board_store'.
WARNING: [filemgmt 56-3] Board Part Repository Path: Could not find the directory 'C:/Users/20002890/AppData/Roaming/Xilinx/Vivado/2020.2/xhub/board_store/xilinx_board_store'.
WARNING: [filemgmt 56-3] Board Part Repository Path: Could not find the directory 'C:/Users/20002890/AppData/Roaming/Xilinx/Vivado/2020.1/xhub/board_store/xilinx_board_store'.
WARNING: [filemgmt 56-3] Board Part Repository Path: Could not find the directory 'C:/Users/20002890/AppData/Roaming/Xilinx/Vivado/2019.2/xhub/board_store'.
WARNING: [filemgmt 56-3] Board Part Repository Path: Could not find the directory 'C:/Users/20002890/AppData/Roaming/Xilinx/Vivado/2019.1/xhub/board_store'.
Scanning sources...
Finished scanning sources
INFO: [IP_Flow 19-234] Refreshing IP repositories
INFO: [IP_Flow 19-1700] Loaded user IP repository 'c:/devWorks/AudioProcessing/ip_repo'.
INFO: [IP_Flow 19-2313] Loaded Vivado IP repository 'C:/Xilinx/Vivado/2023.2/data/ip'.
WARNING: [BD 41-1661] One or more IPs have been locked in the design 'design_1.bd'. Please run report_ip_status for more details and recommendations on how to fix this issue.
List of locked IPs:
design_1_auto_pc_0
design_1_axi_gpio_0_0
design_1_ps7_0_axi_periph_0
design_1_xbar_0
design_1_rst_ps7_0_100M_0

INFO: [Project 1-230] Project 'SoC_PynzZ2_AUDIO.xpr' upgraded for this version of Vivado.
update_compile_order -fileset sources_1
report_ip_status -name ip_status 
upgrade_ip [get_ips  {design_1_axi_gpio_0_0 design_1_rst_ps7_0_100M_0 design_1_ps7_0_axi_periph_0}] -log ip_upgrade.log
Reading block design file <C:/devWorks/AudioProcessing/SoC_PynzZ2_AUDIO/SoC_PynzZ2_AUDIO.srcs/sources_1/bd/design_1/design_1.bd>...
Adding component instance block -- xilinx.com:ip:processing_system7:5.5 - processing_system7_0
Adding component instance block -- xilinx.com:user:audio_codec_ctrl:1.0 - audio_codec_ctrl_0
Adding component instance block -- xilinx.com:ip:axi_gpio:2.0 - axi_gpio_0
Adding component instance block -- xilinx.com:ip:axi_interconnect:2.1 - ps7_0_axi_periph
Adding component instance block -- xilinx.com:ip:axi_crossbar:2.1 - xbar
Adding component instance block -- xilinx.com:ip:axi_protocol_converter:2.1 - auto_pc
Adding component instance block -- xilinx.com:ip:proc_sys_reset:5.0 - rst_ps7_0_100M
Successfully read diagram <design_1> from block design file <C:/devWorks/AudioProcessing/SoC_PynzZ2_AUDIO/SoC_PynzZ2_AUDIO.srcs/sources_1/bd/design_1/design_1.bd>
Upgrading 'C:/devWorks/AudioProcessing/SoC_PynzZ2_AUDIO/SoC_PynzZ2_AUDIO.srcs/sources_1/bd/design_1/design_1.bd'
INFO: [IP_Flow 19-3422] Upgraded design_1_axi_gpio_0_0 (AXI GPIO 2.0) from revision 28 to revision 31
INFO: [IP_Flow 19-3422] Upgraded design_1_ps7_0_axi_periph_0 (AXI Interconnect 2.1) from revision 27 to revision 30
INFO: [Ipptcl 7-1463] No Compatible Board Interface found. Board Tab not created in customize GUI
INFO: [IP_Flow 19-3422] Upgraded design_1_rst_ps7_0_100M_0 (Processor System Reset 5.0) from revision 13 to revision 14
Wrote  : <C:\devWorks\AudioProcessing\SoC_PynzZ2_AUDIO\SoC_PynzZ2_AUDIO.srcs\sources_1\bd\design_1\design_1.bd> 
Wrote  : <C:/devWorks/AudioProcessing/SoC_PynzZ2_AUDIO/SoC_PynzZ2_AUDIO.srcs/sources_1/bd/design_1/ui/bd_1f5defd0.ui> 
WARNING: [IP_Flow 19-11785] File 'c:/devWorks/AudioProcessing/SoC_PynzZ2_AUDIO/SoC_PynzZ2_AUDIO.gen/sources_1/bd/design_1/ipshared/10ab/hdl/generic_baseblocks_v2_1_vl_rfs.v' is not registered in generated file cache.
WARNING: [IP_Flow 19-11785] File 'c:/devWorks/AudioProcessing/SoC_PynzZ2_AUDIO/SoC_PynzZ2_AUDIO.gen/sources_1/bd/design_1/ipshared/279e/hdl/axi_data_fifo_v2_1_vl_rfs.v' is not registered in generated file cache.
WARNING: [IP_Flow 19-11785] File 'c:/devWorks/AudioProcessing/SoC_PynzZ2_AUDIO/SoC_PynzZ2_AUDIO.gen/sources_1/bd/design_1/ipshared/3c0c/hdl/blk_mem_gen_v8_4_vhsyn_rfs.vhd' is not registered in generated file cache.
WARNING: [IP_Flow 19-11785] File 'c:/devWorks/AudioProcessing/SoC_PynzZ2_AUDIO/SoC_PynzZ2_AUDIO.gen/sources_1/bd/design_1/ipshared/408c/hdl/proc_sys_reset_v5_0_vh_rfs.vhd' is not registered in generated file cache.
WARNING: [IP_Flow 19-11785] File 'c:/devWorks/AudioProcessing/SoC_PynzZ2_AUDIO/SoC_PynzZ2_AUDIO.gen/sources_1/bd/design_1/ipshared/5753/hdl/axi_vip_v1_1_vl_rfs.sv' is not registered in generated file cache.
WARNING: [IP_Flow 19-11785] File 'c:/devWorks/AudioProcessing/SoC_PynzZ2_AUDIO/SoC_PynzZ2_AUDIO.gen/sources_1/bd/design_1/ipshared/6b2b/hdl/processing_system7_vip_v1_0_17_apis.v' is not registered in generated file cache.
WARNING: [IP_Flow 19-11785] File 'c:/devWorks/AudioProcessing/SoC_PynzZ2_AUDIO/SoC_PynzZ2_AUDIO.gen/sources_1/bd/design_1/ipshared/6b2b/hdl/processing_system7_vip_v1_0_17_axi_acp.v' is not registered in generated file cache.
WARNING: [IP_Flow 19-11785] File 'c:/devWorks/AudioProcessing/SoC_PynzZ2_AUDIO/SoC_PynzZ2_AUDIO.gen/sources_1/bd/design_1/ipshared/6b2b/hdl/processing_system7_vip_v1_0_17_axi_gp.v' is not registered in generated file cache.
WARNING: [IP_Flow 19-11785] File 'c:/devWorks/AudioProcessing/SoC_PynzZ2_AUDIO/SoC_PynzZ2_AUDIO.gen/sources_1/bd/design_1/ipshared/6b2b/hdl/processing_system7_vip_v1_0_17_axi_hp.v' is not registered in generated file cache.
WARNING: [IP_Flow 19-11785] File 'c:/devWorks/AudioProcessing/SoC_PynzZ2_AUDIO/SoC_PynzZ2_AUDIO.gen/sources_1/bd/design_1/ipshared/6b2b/hdl/processing_system7_vip_v1_0_17_local_params.v' is not registered in generated file cache.
WARNING: [IP_Flow 19-11785] File 'c:/devWorks/AudioProcessing/SoC_PynzZ2_AUDIO/SoC_PynzZ2_AUDIO.gen/sources_1/bd/design_1/ipshared/6b2b/hdl/processing_system7_vip_v1_0_17_reg_init.v' is not registered in generated file cache.
WARNING: [IP_Flow 19-11785] File 'c:/devWorks/AudioProcessing/SoC_PynzZ2_AUDIO/SoC_PynzZ2_AUDIO.gen/sources_1/bd/design_1/ipshared/6b2b/hdl/processing_system7_vip_v1_0_17_reg_params.v' is not registered in generated file cache.
WARNING: [IP_Flow 19-11785] File 'c:/devWorks/AudioProcessing/SoC_PynzZ2_AUDIO/SoC_PynzZ2_AUDIO.gen/sources_1/bd/design_1/ipshared/6b2b/hdl/processing_system7_vip_v1_0_17_unused_ports.v' is not registered in generated file cache.
WARNING: [IP_Flow 19-11785] File 'c:/devWorks/AudioProcessing/SoC_PynzZ2_AUDIO/SoC_PynzZ2_AUDIO.gen/sources_1/bd/design_1/ipshared/6b2b/hdl/processing_system7_vip_v1_0_vl_rfs.sv' is not registered in generated file cache.
WARNING: [IP_Flow 19-11785] File 'c:/devWorks/AudioProcessing/SoC_PynzZ2_AUDIO/SoC_PynzZ2_AUDIO.gen/sources_1/bd/design_1/ipshared/6fbe/hdl/axi_gpio_v2_0_vh_rfs.vhd' is not registered in generated file cache.
WARNING: [IP_Flow 19-11785] File 'c:/devWorks/AudioProcessing/SoC_PynzZ2_AUDIO/SoC_PynzZ2_AUDIO.gen/sources_1/bd/design_1/ipshared/ac72/hdl/fifo_generator_v13_2_rfs.v' is not registered in generated file cache.
WARNING: [IP_Flow 19-11785] File 'c:/devWorks/AudioProcessing/SoC_PynzZ2_AUDIO/SoC_PynzZ2_AUDIO.gen/sources_1/bd/design_1/ipshared/ac72/hdl/fifo_generator_v13_2_rfs.vhd' is not registered in generated file cache.
WARNING: [IP_Flow 19-11785] File 'c:/devWorks/AudioProcessing/SoC_PynzZ2_AUDIO/SoC_PynzZ2_AUDIO.gen/sources_1/bd/design_1/ipshared/ac72/hdl/fifo_generator_v13_2_vhsyn_rfs.vhd' is not registered in generated file cache.
WARNING: [IP_Flow 19-11785] File 'c:/devWorks/AudioProcessing/SoC_PynzZ2_AUDIO/SoC_PynzZ2_AUDIO.gen/sources_1/bd/design_1/ipshared/ac72/simulation/fifo_generator_vlog_beh.v' is not registered in generated file cache.
WARNING: [IP_Flow 19-11785] File 'c:/devWorks/AudioProcessing/SoC_PynzZ2_AUDIO/SoC_PynzZ2_AUDIO.gen/sources_1/bd/design_1/ipshared/d8cc/hdl/interrupt_control_v3_1_vh_rfs.vhd' is not registered in generated file cache.
WARNING: [IP_Flow 19-11785] File 'c:/devWorks/AudioProcessing/SoC_PynzZ2_AUDIO/SoC_PynzZ2_AUDIO.gen/sources_1/bd/design_1/ipshared/fb47/hdl/axi_crossbar_v2_1_vl_rfs.v' is not registered in generated file cache.
WARNING: [IP_Flow 19-11785] File 'c:/devWorks/AudioProcessing/SoC_PynzZ2_AUDIO/SoC_PynzZ2_AUDIO.gen/sources_1/bd/design_1/ipshared/ff9f/hdl/axi_register_slice_v2_1_vl_rfs.v' is not registered in generated file cache.
INFO: [Coretcl 2-1525] Wrote upgrade log to 'C:/devWorks/AudioProcessing/SoC_PynzZ2_AUDIO/ip_upgrade.log'.
upgrade_ip: Time (s): cpu = 00:00:05 ; elapsed = 00:00:08 . Memory (MB): peak = 1529.617 ; gain = 135.375
export_ip_user_files -of_objects [get_ips {design_1_axi_gpio_0_0 design_1_rst_ps7_0_100M_0 design_1_ps7_0_axi_periph_0}] -no_script -sync -force -quiet
generate_target all [get_files  C:/devWorks/AudioProcessing/SoC_PynzZ2_AUDIO/SoC_PynzZ2_AUDIO.srcs/sources_1/bd/design_1/design_1.bd]
WARNING: [BD 41-702] Propagation TCL tries to overwrite USER strength parameter PCW_M_AXI_GP0_FREQMHZ(10) on '/processing_system7_0' with propagated value(100). Command ignored
Wrote  : <C:\devWorks\AudioProcessing\SoC_PynzZ2_AUDIO\SoC_PynzZ2_AUDIO.srcs\sources_1\bd\design_1\design_1.bd> 
VHDL Output written to : c:/devWorks/AudioProcessing/SoC_PynzZ2_AUDIO/SoC_PynzZ2_AUDIO.gen/sources_1/bd/design_1/synth/design_1.vhd
VHDL Output written to : c:/devWorks/AudioProcessing/SoC_PynzZ2_AUDIO/SoC_PynzZ2_AUDIO.gen/sources_1/bd/design_1/sim/design_1.vhd
VHDL Output written to : c:/devWorks/AudioProcessing/SoC_PynzZ2_AUDIO/SoC_PynzZ2_AUDIO.gen/sources_1/bd/design_1/hdl/design_1_wrapper.vhd
INFO: [IP_Flow 19-5611] Unable to find an associated reset port for the interface 'M_AXI_GP0'. A default connection has been created.
INFO: [BD 41-1029] Generation completed for the IP Integrator block processing_system7_0 .
INFO: [BD 41-1029] Generation completed for the IP Integrator block audio_codec_ctrl_0 .
INFO: [BD 41-1029] Generation completed for the IP Integrator block axi_gpio_0 .
INFO: [BD 41-1029] Generation completed for the IP Integrator block rst_ps7_0_100M .
INFO: [BD 41-1029] Generation completed for the IP Integrator block ps7_0_axi_periph/xbar .
WARNING: [IP_Flow 19-4994] Overwriting existing constraint file 'c:/devWorks/AudioProcessing/SoC_PynzZ2_AUDIO/SoC_PynzZ2_AUDIO.gen/sources_1/bd/design_1/ip/design_1_auto_pc_0/design_1_auto_pc_0_ooc.xdc'
INFO: [BD 41-1029] Generation completed for the IP Integrator block ps7_0_axi_periph/s00_couplers/auto_pc .
Exporting to file c:/devWorks/AudioProcessing/SoC_PynzZ2_AUDIO/SoC_PynzZ2_AUDIO.gen/sources_1/bd/design_1/hw_handoff/design_1.hwh
Generated Hardware Definition File c:/devWorks/AudioProcessing/SoC_PynzZ2_AUDIO/SoC_PynzZ2_AUDIO.gen/sources_1/bd/design_1/synth/design_1.hwdef
generate_target: Time (s): cpu = 00:00:21 ; elapsed = 00:00:25 . Memory (MB): peak = 1855.699 ; gain = 326.082
catch { config_ip_cache -export [get_ips -all design_1_audio_codec_ctrl_0_0] }
INFO: [IP_Flow 19-6924] IPCACHE: Running cache check for IP inst: design_1_audio_codec_ctrl_0_0
catch { config_ip_cache -export [get_ips -all design_1_axi_gpio_0_0] }
INFO: [IP_Flow 19-6924] IPCACHE: Running cache check for IP inst: design_1_axi_gpio_0_0
catch { config_ip_cache -export [get_ips -all design_1_rst_ps7_0_100M_0] }
INFO: [IP_Flow 19-6924] IPCACHE: Running cache check for IP inst: design_1_rst_ps7_0_100M_0
catch { config_ip_cache -export [get_ips -all design_1_xbar_0] }
INFO: [IP_Flow 19-6924] IPCACHE: Running cache check for IP inst: design_1_xbar_0
catch { config_ip_cache -export [get_ips -all design_1_auto_pc_0] }
INFO: [IP_Flow 19-6924] IPCACHE: Running cache check for IP inst: design_1_auto_pc_0
export_ip_user_files -of_objects [get_files C:/devWorks/AudioProcessing/SoC_PynzZ2_AUDIO/SoC_PynzZ2_AUDIO.srcs/sources_1/bd/design_1/design_1.bd] -no_script -sync -force -quiet
create_ip_run [get_files -of_objects [get_fileset sources_1] C:/devWorks/AudioProcessing/SoC_PynzZ2_AUDIO/SoC_PynzZ2_AUDIO.srcs/sources_1/bd/design_1/design_1.bd]
launch_runs design_1_audio_codec_ctrl_0_0_synth_1 design_1_auto_pc_0_synth_1 design_1_axi_gpio_0_0_synth_1 design_1_processing_system7_0_0_synth_1 design_1_rst_ps7_0_100M_0_synth_1 design_1_xbar_0_synth_1 -jobs 16
INFO: [IP_Flow 19-6924] IPCACHE: Running cache check for IP inst: design_1_audio_codec_ctrl_0_0
INFO: [IP_Flow 19-6924] IPCACHE: Running cache check for IP inst: design_1_auto_pc_0
INFO: [IP_Flow 19-6924] IPCACHE: Running cache check for IP inst: design_1_axi_gpio_0_0
INFO: [IP_Flow 19-6924] IPCACHE: Running cache check for IP inst: design_1_rst_ps7_0_100M_0
INFO: [IP_Flow 19-6924] IPCACHE: Running cache check for IP inst: design_1_xbar_0
[Tue Feb 20 14:01:22 2024] Launched design_1_audio_codec_ctrl_0_0_synth_1, design_1_auto_pc_0_synth_1, design_1_axi_gpio_0_0_synth_1, design_1_processing_system7_0_0_synth_1, design_1_rst_ps7_0_100M_0_synth_1, design_1_xbar_0_synth_1...
Run output will be captured here:
design_1_audio_codec_ctrl_0_0_synth_1: C:/devWorks/AudioProcessing/SoC_PynzZ2_AUDIO/SoC_PynzZ2_AUDIO.runs/design_1_audio_codec_ctrl_0_0_synth_1/runme.log
design_1_auto_pc_0_synth_1: C:/devWorks/AudioProcessing/SoC_PynzZ2_AUDIO/SoC_PynzZ2_AUDIO.runs/design_1_auto_pc_0_synth_1/runme.log
design_1_axi_gpio_0_0_synth_1: C:/devWorks/AudioProcessing/SoC_PynzZ2_AUDIO/SoC_PynzZ2_AUDIO.runs/design_1_axi_gpio_0_0_synth_1/runme.log
design_1_processing_system7_0_0_synth_1: C:/devWorks/AudioProcessing/SoC_PynzZ2_AUDIO/SoC_PynzZ2_AUDIO.runs/design_1_processing_system7_0_0_synth_1/runme.log
design_1_rst_ps7_0_100M_0_synth_1: C:/devWorks/AudioProcessing/SoC_PynzZ2_AUDIO/SoC_PynzZ2_AUDIO.runs/design_1_rst_ps7_0_100M_0_synth_1/runme.log
design_1_xbar_0_synth_1: C:/devWorks/AudioProcessing/SoC_PynzZ2_AUDIO/SoC_PynzZ2_AUDIO.runs/design_1_xbar_0_synth_1/runme.log
export_simulation -of_objects [get_files C:/devWorks/AudioProcessing/SoC_PynzZ2_AUDIO/SoC_PynzZ2_AUDIO.srcs/sources_1/bd/design_1/design_1.bd] -directory C:/devWorks/AudioProcessing/SoC_PynzZ2_AUDIO/SoC_PynzZ2_AUDIO.ip_user_files/sim_scripts -ip_user_files_dir C:/devWorks/AudioProcessing/SoC_PynzZ2_AUDIO/SoC_PynzZ2_AUDIO.ip_user_files -ipstatic_source_dir C:/devWorks/AudioProcessing/SoC_PynzZ2_AUDIO/SoC_PynzZ2_AUDIO.ip_user_files/ipstatic -lib_map_path [list {modelsim=C:/devWorks/AudioProcessing/SoC_PynzZ2_AUDIO/SoC_PynzZ2_AUDIO.cache/compile_simlib/modelsim} {questa=C:/devWorks/AudioProcessing/SoC_PynzZ2_AUDIO/SoC_PynzZ2_AUDIO.cache/compile_simlib/questa} {riviera=C:/devWorks/AudioProcessing/SoC_PynzZ2_AUDIO/SoC_PynzZ2_AUDIO.cache/compile_simlib/riviera} {activehdl=C:/devWorks/AudioProcessing/SoC_PynzZ2_AUDIO/SoC_PynzZ2_AUDIO.cache/compile_simlib/activehdl}] -use_ip_compiled_libs -force -quiet
regenerate_bd_layout
regenerate_bd_layout
write_bd_layout -format pdf -orientation portrait -force C:/devWorks/AudioProcessing/AudioProcessing.pdf
C:/devWorks/AudioProcessing/AudioProcessing.pdf
reset_run synth_1
INFO: [Project 1-1161] Replacing file C:/devWorks/AudioProcessing/SoC_PynzZ2_AUDIO/SoC_PynzZ2_AUDIO.srcs/utils_1/imports/synth_1/design_1_wrapper.dcp with file C:/devWorks/AudioProcessing/SoC_PynzZ2_AUDIO/SoC_PynzZ2_AUDIO.runs/synth_1/design_1_wrapper.dcp
launch_runs impl_1 -to_step write_bitstream -jobs 16
[Tue Feb 20 14:03:11 2024] Launched synth_1...
Run output will be captured here: C:/devWorks/AudioProcessing/SoC_PynzZ2_AUDIO/SoC_PynzZ2_AUDIO.runs/synth_1/runme.log
[Tue Feb 20 14:03:11 2024] Launched impl_1...
Run output will be captured here: C:/devWorks/AudioProcessing/SoC_PynzZ2_AUDIO/SoC_PynzZ2_AUDIO.runs/impl_1/runme.log
write_hw_platform -fixed -include_bit -force -file C:/devWorks/AudioProcessing/SoC_PynzZ2_AUDIO/AudioProcessing1.xsa
INFO: [Project 1-1918] Creating Hardware Platform: C:/devWorks/AudioProcessing/SoC_PynzZ2_AUDIO/AudioProcessing1.xsa ...
INFO: [Project 1-1943] The Hardware Platform can be used for Hardware
INFO: [Project 1-1941] Successfully created Hardware Platform: C:/devWorks/AudioProcessing/SoC_PynzZ2_AUDIO/AudioProcessing1.xsa
INFO: [Hsi 55-2053] elapsed time for repository (C:/Xilinx/Vivado/2023.2/data/embeddedsw) loading 0 seconds
exit
INFO: [Common 17-206] Exiting Vivado at Tue Feb 20 15:32:00 2024...
